2019-02-19 15:50:50.973  INFO 30650 --- [main] com.example.spEL01.DemoApplicationTests  : Starting DemoApplicationTests on 1204003PC01 with PID 30650 (started by robert0714 in /8T_DATA/robertData/tmp/sb-dynamic-properties/spEL01)
2019-02-19 15:50:50.975  INFO 30650 --- [main] com.example.spEL01.DemoApplicationTests  : No active profile set, falling back to default profiles: default
2019-02-19 15:50:52.025  INFO 30650 --- [main] com.example.spEL01.DemoApplicationTests  : Started DemoApplicationTests in 1.317 seconds (JVM running for 1.901)
2019-02-19 16:05:56.716  INFO 23916 --- [main] com.example.spEL01.DemoApplicationTests  : The following profiles are active: default
2019-02-19 16:05:57.527  INFO 23916 --- [main] o.s.cloud.context.scope.GenericScope     : BeanFactory id=2d71cb5d-c833-3fe9-ae88-2a086dbed2a5
2019-02-19 16:05:57.657  INFO 23916 --- [main] trationDelegate$BeanPostProcessorChecker : Bean 'org.springframework.cloud.autoconfigure.ConfigurationPropertiesRebinderAutoConfiguration' of type [org.springframework.cloud.autoconfigure.ConfigurationPropertiesRebinderAutoConfiguration$$EnhancerBySpringCGLIB$$fb0428a9] is not eligible for getting processed by all BeanPostProcessors (for example: not eligible for auto-proxying)
2019-02-19 16:05:57.956  WARN 23916 --- [main] c.n.c.sources.URLConfigurationSource     : No URLs will be polled as dynamic configuration sources.
2019-02-19 16:05:57.962  WARN 23916 --- [main] c.n.c.sources.URLConfigurationSource     : No URLs will be polled as dynamic configuration sources.
2019-02-19 16:05:58.393  INFO 23916 --- [main] o.s.s.concurrent.ThreadPoolTaskExecutor  : Initializing ExecutorService 'applicationTaskExecutor'
2019-02-19 16:05:59.472  INFO 23916 --- [main] o.s.b.a.e.web.EndpointLinksResolver      : Exposing 2 endpoint(s) beneath base path '/actuator'
2019-02-19 16:05:59.540  INFO 23916 --- [main] com.example.spEL01.DemoApplicationTests  : Started DemoApplicationTests in 3.628 seconds (JVM running for 4.296)
2019-02-19 16:05:59.709  INFO 23916 --- [Thread-7] o.s.s.concurrent.ThreadPoolTaskExecutor  : Shutting down ExecutorService 'applicationTaskExecutor'
2019-02-19 16:06:06.854  INFO 24389 --- [main] com.example.spEL01.DemoApplication       : The following profiles are active: default
2019-02-19 16:06:07.774  INFO 24389 --- [main] o.s.cloud.context.scope.GenericScope     : BeanFactory id=7421827b-78bc-37c8-9a42-8e72b219a7ab
2019-02-19 16:06:07.867  INFO 24389 --- [main] trationDelegate$BeanPostProcessorChecker : Bean 'org.springframework.cloud.autoconfigure.ConfigurationPropertiesRebinderAutoConfiguration' of type [org.springframework.cloud.autoconfigure.ConfigurationPropertiesRebinderAutoConfiguration$$EnhancerBySpringCGLIB$$e58183f4] is not eligible for getting processed by all BeanPostProcessors (for example: not eligible for auto-proxying)
2019-02-19 16:06:08.136  INFO 24389 --- [main] o.s.b.w.embedded.tomcat.TomcatWebServer  : Tomcat initialized with port(s): 8010 (http)
2019-02-19 16:06:08.172  INFO 24389 --- [main] o.apache.catalina.core.StandardService   : Starting service [Tomcat]
2019-02-19 16:06:08.172  INFO 24389 --- [main] org.apache.catalina.core.StandardEngine  : Starting Servlet engine: [Apache Tomcat/9.0.16]
2019-02-19 16:06:08.183  INFO 24389 --- [main] o.a.catalina.core.AprLifecycleListener   : The APR based Apache Tomcat Native library which allows optimal performance in production environments was not found on the java.library.path: [/usr/java/packages/lib/amd64:/usr/lib64:/lib64:/lib:/usr/lib]
2019-02-19 16:06:08.251  INFO 24389 --- [main] o.a.c.c.C.[Tomcat].[localhost].[/]       : Initializing Spring embedded WebApplicationContext
2019-02-19 16:06:08.387  WARN 24389 --- [main] c.n.c.sources.URLConfigurationSource     : No URLs will be polled as dynamic configuration sources.
2019-02-19 16:06:08.746  WARN 24389 --- [main] c.n.c.sources.URLConfigurationSource     : No URLs will be polled as dynamic configuration sources.
2019-02-19 16:06:08.949  INFO 24389 --- [main] o.s.s.concurrent.ThreadPoolTaskExecutor  : Initializing ExecutorService 'applicationTaskExecutor'
2019-02-19 16:06:09.527  INFO 24389 --- [main] o.s.b.a.e.web.EndpointLinksResolver      : Exposing 2 endpoint(s) beneath base path '/actuator'
2019-02-19 16:06:09.674  INFO 24389 --- [main] o.s.b.w.embedded.tomcat.TomcatWebServer  : Tomcat started on port(s): 8010 (http) with context path ''
2019-02-19 16:06:09.677  INFO 24389 --- [main] com.example.spEL01.DemoApplication       : Started DemoApplication in 4.027 seconds (JVM running for 7.274)
2019-02-19 16:06:30.366  INFO 24389 --- [http-nio-8010-exec-1] o.a.c.c.C.[Tomcat].[localhost].[/]       : Initializing Spring DispatcherServlet 'dispatcherServlet'
2019-02-19 16:07:10.857  INFO 24389 --- [Thread-9] o.s.s.concurrent.ThreadPoolTaskExecutor  : Shutting down ExecutorService 'applicationTaskExecutor'
2019-02-19 16:07:20.399  INFO 29384 --- [main] com.example.spEL01.DemoApplication       : The following profiles are active: default
2019-02-19 16:07:21.103  INFO 29384 --- [main] o.s.cloud.context.scope.GenericScope     : BeanFactory id=b8d9d7d7-f145-3141-b28c-7e9b5781e3bb
2019-02-19 16:07:21.167  INFO 29384 --- [main] trationDelegate$BeanPostProcessorChecker : Bean 'org.springframework.cloud.autoconfigure.ConfigurationPropertiesRebinderAutoConfiguration' of type [org.springframework.cloud.autoconfigure.ConfigurationPropertiesRebinderAutoConfiguration$$EnhancerBySpringCGLIB$$8509b5ae] is not eligible for getting processed by all BeanPostProcessors (for example: not eligible for auto-proxying)
2019-02-19 16:07:21.374  INFO 29384 --- [main] o.s.b.w.embedded.tomcat.TomcatWebServer  : Tomcat initialized with port(s): 8010 (http)
2019-02-19 16:07:21.398  INFO 29384 --- [main] o.apache.catalina.core.StandardService   : Starting service [Tomcat]
2019-02-19 16:07:21.398  INFO 29384 --- [main] org.apache.catalina.core.StandardEngine  : Starting Servlet engine: [Apache Tomcat/9.0.16]
2019-02-19 16:07:21.403  INFO 29384 --- [main] o.a.catalina.core.AprLifecycleListener   : The APR based Apache Tomcat Native library which allows optimal performance in production environments was not found on the java.library.path: [/usr/java/packages/lib/amd64:/usr/lib64:/lib64:/lib:/usr/lib]
2019-02-19 16:07:21.481  INFO 29384 --- [main] o.a.c.c.C.[Tomcat].[localhost].[/]       : Initializing Spring embedded WebApplicationContext
2019-02-19 16:07:21.555  WARN 29384 --- [main] c.n.c.sources.URLConfigurationSource     : No URLs will be polled as dynamic configuration sources.
2019-02-19 16:07:21.789  WARN 29384 --- [main] c.n.c.sources.URLConfigurationSource     : No URLs will be polled as dynamic configuration sources.
2019-02-19 16:07:21.985  INFO 29384 --- [main] o.s.s.concurrent.ThreadPoolTaskExecutor  : Initializing ExecutorService 'applicationTaskExecutor'
2019-02-19 16:07:22.304  INFO 29384 --- [main] o.s.b.a.e.web.EndpointLinksResolver      : Exposing 2 endpoint(s) beneath base path '/actuator'
2019-02-19 16:07:22.399  INFO 29384 --- [main] o.s.b.w.embedded.tomcat.TomcatWebServer  : Tomcat started on port(s): 8010 (http) with context path ''
2019-02-19 16:07:22.401  INFO 29384 --- [main] com.example.spEL01.DemoApplication       : Started DemoApplication in 2.655 seconds (JVM running for 3.026)
2019-02-19 16:07:24.923  INFO 29384 --- [http-nio-8010-exec-1] o.a.c.c.C.[Tomcat].[localhost].[/]       : Initializing Spring DispatcherServlet 'dispatcherServlet'
2019-02-19 16:08:38.846  INFO 29384 --- [RMI TCP Connection(2)-127.0.0.1] inMXBeanRegistrar$SpringApplicationAdmin : Application shutdown requested.
2019-02-19 16:08:38.849  INFO 29384 --- [RMI TCP Connection(2)-127.0.0.1] o.s.s.concurrent.ThreadPoolTaskExecutor  : Shutting down ExecutorService 'applicationTaskExecutor'
2019-02-19 16:08:38.859  INFO 29384 --- [RMI TCP Connection(2)-127.0.0.1] o.apache.catalina.core.StandardService   : Stopping service [Tomcat]
2019-02-19 16:08:38.860  INFO 29384 --- [RMI TCP Connection(2)-127.0.0.1] o.a.c.c.C.[Tomcat].[localhost].[/]       : Destroying Spring FrameworkServlet 'dispatcherServlet'
2019-02-19 16:15:46.084  INFO 28697 --- [main] com.example.spEL01.DemoApplication       : The following profiles are active: default
2019-02-19 16:15:46.733  INFO 28697 --- [main] o.s.cloud.context.scope.GenericScope     : BeanFactory id=96c59bd4-d1f6-3913-b9f6-ef81cc7a9acc
2019-02-19 16:15:46.796  INFO 28697 --- [main] trationDelegate$BeanPostProcessorChecker : Bean 'org.springframework.cloud.autoconfigure.ConfigurationPropertiesRebinderAutoConfiguration' of type [org.springframework.cloud.autoconfigure.ConfigurationPropertiesRebinderAutoConfiguration$$EnhancerBySpringCGLIB$$58c1b31f] is not eligible for getting processed by all BeanPostProcessors (for example: not eligible for auto-proxying)
2019-02-19 16:15:46.980  INFO 28697 --- [main] o.s.b.w.embedded.tomcat.TomcatWebServer  : Tomcat initialized with port(s): 8010 (http)
2019-02-19 16:15:46.998  INFO 28697 --- [main] o.apache.catalina.core.StandardService   : Starting service [Tomcat]
2019-02-19 16:15:46.999  INFO 28697 --- [main] org.apache.catalina.core.StandardEngine  : Starting Servlet engine: [Apache Tomcat/9.0.16]
2019-02-19 16:15:47.004  INFO 28697 --- [main] o.a.catalina.core.AprLifecycleListener   : The APR based Apache Tomcat Native library which allows optimal performance in production environments was not found on the java.library.path: [/usr/java/packages/lib/amd64:/usr/lib64:/lib64:/lib:/usr/lib]
2019-02-19 16:15:47.070  INFO 28697 --- [main] o.a.c.c.C.[Tomcat].[localhost].[/]       : Initializing Spring embedded WebApplicationContext
2019-02-19 16:15:47.146  WARN 28697 --- [main] c.n.c.sources.URLConfigurationSource     : No URLs will be polled as dynamic configuration sources.
2019-02-19 16:15:47.405  WARN 28697 --- [main] c.n.c.sources.URLConfigurationSource     : No URLs will be polled as dynamic configuration sources.
2019-02-19 16:15:47.614  INFO 28697 --- [main] o.s.s.concurrent.ThreadPoolTaskExecutor  : Initializing ExecutorService 'applicationTaskExecutor'
2019-02-19 16:15:47.910  INFO 28697 --- [main] o.s.b.a.e.web.EndpointLinksResolver      : Exposing 2 endpoint(s) beneath base path '/actuator'
2019-02-19 16:15:48.000  INFO 28697 --- [main] o.s.b.w.embedded.tomcat.TomcatWebServer  : Tomcat started on port(s): 8010 (http) with context path ''
2019-02-19 16:15:48.001  INFO 28697 --- [main] com.example.spEL01.DemoApplication       : Started DemoApplication in 3.57 seconds (JVM running for 3.953)
2019-02-19 16:15:49.403  INFO 28697 --- [http-nio-8010-exec-1] o.a.c.c.C.[Tomcat].[localhost].[/]       : Initializing Spring DispatcherServlet 'dispatcherServlet'
2019-02-19 16:19:23.970  INFO 28697 --- [RMI TCP Connection(2)-127.0.0.1] inMXBeanRegistrar$SpringApplicationAdmin : Application shutdown requested.
2019-02-19 16:19:23.973  INFO 28697 --- [RMI TCP Connection(2)-127.0.0.1] o.s.s.concurrent.ThreadPoolTaskExecutor  : Shutting down ExecutorService 'applicationTaskExecutor'
2019-02-19 16:19:23.983  INFO 28697 --- [RMI TCP Connection(2)-127.0.0.1] o.apache.catalina.core.StandardService   : Stopping service [Tomcat]
2019-02-19 16:19:23.984  INFO 28697 --- [RMI TCP Connection(2)-127.0.0.1] o.a.c.c.C.[Tomcat].[localhost].[/]       : Destroying Spring FrameworkServlet 'dispatcherServlet'
2019-02-19 16:45:06.127  INFO 8279 --- [main] com.example.spEL01.DemoApplicationTests  : The following profiles are active: default
2019-02-19 16:45:07.034  INFO 8279 --- [main] o.s.cloud.context.scope.GenericScope     : BeanFactory id=5a2f7232-e6c9-362f-920b-3a3b73f5f94d
2019-02-19 16:45:07.190  INFO 8279 --- [main] trationDelegate$BeanPostProcessorChecker : Bean 'org.springframework.cloud.autoconfigure.ConfigurationPropertiesRebinderAutoConfiguration' of type [org.springframework.cloud.autoconfigure.ConfigurationPropertiesRebinderAutoConfiguration$$EnhancerBySpringCGLIB$$aaad6b01] is not eligible for getting processed by all BeanPostProcessors (for example: not eligible for auto-proxying)
2019-02-19 16:45:07.572  WARN 8279 --- [main] c.n.c.sources.URLConfigurationSource     : No URLs will be polled as dynamic configuration sources.
2019-02-19 16:45:07.578  WARN 8279 --- [main] c.n.c.sources.URLConfigurationSource     : No URLs will be polled as dynamic configuration sources.
2019-02-19 16:45:08.003  INFO 8279 --- [main] o.s.s.concurrent.ThreadPoolTaskExecutor  : Initializing ExecutorService 'applicationTaskExecutor'
2019-02-19 16:45:09.056  INFO 8279 --- [main] o.s.b.a.e.web.EndpointLinksResolver      : Exposing 2 endpoint(s) beneath base path '/actuator'
2019-02-19 16:45:09.125  INFO 8279 --- [main] com.example.spEL01.DemoApplicationTests  : Started DemoApplicationTests in 3.896 seconds (JVM running for 4.587)
2019-02-19 16:45:09.312  INFO 8279 --- [Thread-7] o.s.s.concurrent.ThreadPoolTaskExecutor  : Shutting down ExecutorService 'applicationTaskExecutor'
2019-02-19 16:51:20.157  INFO 31453 --- [main] com.example.spEL01.DemoApplicationTests  : The following profiles are active: default
2019-02-19 16:51:21.037  INFO 31453 --- [main] o.s.cloud.context.scope.GenericScope     : BeanFactory id=5a2f7232-e6c9-362f-920b-3a3b73f5f94d
2019-02-19 16:51:21.223  INFO 31453 --- [main] trationDelegate$BeanPostProcessorChecker : Bean 'org.springframework.cloud.autoconfigure.ConfigurationPropertiesRebinderAutoConfiguration' of type [org.springframework.cloud.autoconfigure.ConfigurationPropertiesRebinderAutoConfiguration$$EnhancerBySpringCGLIB$$aaad6b01] is not eligible for getting processed by all BeanPostProcessors (for example: not eligible for auto-proxying)
2019-02-19 16:51:21.576  WARN 31453 --- [main] c.n.c.sources.URLConfigurationSource     : No URLs will be polled as dynamic configuration sources.
2019-02-19 16:51:21.584  WARN 31453 --- [main] c.n.c.sources.URLConfigurationSource     : No URLs will be polled as dynamic configuration sources.
2019-02-19 16:51:22.064  INFO 31453 --- [main] o.s.s.concurrent.ThreadPoolTaskExecutor  : Initializing ExecutorService 'applicationTaskExecutor'
2019-02-19 16:51:23.118  INFO 31453 --- [main] o.s.b.a.e.web.EndpointLinksResolver      : Exposing 2 endpoint(s) beneath base path '/actuator'
2019-02-19 16:51:23.209  INFO 31453 --- [main] com.example.spEL01.DemoApplicationTests  : Started DemoApplicationTests in 3.955 seconds (JVM running for 4.656)
2019-02-19 16:51:23.465  INFO 31453 --- [Thread-7] o.s.s.concurrent.ThreadPoolTaskExecutor  : Shutting down ExecutorService 'applicationTaskExecutor'
2019-02-19 17:13:13.615  INFO 13709 --- [main] com.example.spEL01.DemoApplicationTests  : The following profiles are active: default
2019-02-19 17:13:14.573  INFO 13709 --- [main] o.s.cloud.context.scope.GenericScope     : BeanFactory id=5a2f7232-e6c9-362f-920b-3a3b73f5f94d
2019-02-19 17:13:14.730  INFO 13709 --- [main] trationDelegate$BeanPostProcessorChecker : Bean 'org.springframework.cloud.autoconfigure.ConfigurationPropertiesRebinderAutoConfiguration' of type [org.springframework.cloud.autoconfigure.ConfigurationPropertiesRebinderAutoConfiguration$$EnhancerBySpringCGLIB$$aaad6b01] is not eligible for getting processed by all BeanPostProcessors (for example: not eligible for auto-proxying)
2019-02-19 17:13:15.103  WARN 13709 --- [main] c.n.c.sources.URLConfigurationSource     : No URLs will be polled as dynamic configuration sources.
2019-02-19 17:13:15.110  WARN 13709 --- [main] c.n.c.sources.URLConfigurationSource     : No URLs will be polled as dynamic configuration sources.
2019-02-19 17:13:15.588  INFO 13709 --- [main] o.s.s.concurrent.ThreadPoolTaskExecutor  : Initializing ExecutorService 'applicationTaskExecutor'
2019-02-19 17:13:16.567  INFO 13709 --- [main] o.s.b.a.e.web.EndpointLinksResolver      : Exposing 2 endpoint(s) beneath base path '/actuator'
2019-02-19 17:13:16.661  INFO 13709 --- [main] com.example.spEL01.DemoApplicationTests  : Started DemoApplicationTests in 3.871 seconds (JVM running for 4.531)
2019-02-19 17:13:16.899  INFO 13709 --- [Thread-7] o.s.s.concurrent.ThreadPoolTaskExecutor  : Shutting down ExecutorService 'applicationTaskExecutor'
2019-02-19 17:20:19.471  INFO 7794 --- [main] com.example.spEL01.DemoApplication       : The following profiles are active: default
2019-02-19 17:20:20.043  INFO 7794 --- [main] o.s.cloud.context.scope.GenericScope     : BeanFactory id=96c59bd4-d1f6-3913-b9f6-ef81cc7a9acc
2019-02-19 17:20:20.105  INFO 7794 --- [main] trationDelegate$BeanPostProcessorChecker : Bean 'org.springframework.cloud.autoconfigure.ConfigurationPropertiesRebinderAutoConfiguration' of type [org.springframework.cloud.autoconfigure.ConfigurationPropertiesRebinderAutoConfiguration$$EnhancerBySpringCGLIB$$53114995] is not eligible for getting processed by all BeanPostProcessors (for example: not eligible for auto-proxying)
2019-02-19 17:20:20.291  INFO 7794 --- [main] o.s.b.w.embedded.tomcat.TomcatWebServer  : Tomcat initialized with port(s): 8010 (http)
2019-02-19 17:20:20.311  INFO 7794 --- [main] o.apache.catalina.core.StandardService   : Starting service [Tomcat]
2019-02-19 17:20:20.311  INFO 7794 --- [main] org.apache.catalina.core.StandardEngine  : Starting Servlet engine: [Apache Tomcat/9.0.16]
2019-02-19 17:20:20.316  INFO 7794 --- [main] o.a.catalina.core.AprLifecycleListener   : The APR based Apache Tomcat Native library which allows optimal performance in production environments was not found on the java.library.path: [/usr/java/packages/lib/amd64:/usr/lib64:/lib64:/lib:/usr/lib]
2019-02-19 17:20:20.385  INFO 7794 --- [main] o.a.c.c.C.[Tomcat].[localhost].[/]       : Initializing Spring embedded WebApplicationContext
2019-02-19 17:20:20.464  WARN 7794 --- [main] c.n.c.sources.URLConfigurationSource     : No URLs will be polled as dynamic configuration sources.
2019-02-19 17:20:20.679  WARN 7794 --- [main] c.n.c.sources.URLConfigurationSource     : No URLs will be polled as dynamic configuration sources.
2019-02-19 17:20:20.858  INFO 7794 --- [main] o.s.s.concurrent.ThreadPoolTaskExecutor  : Initializing ExecutorService 'applicationTaskExecutor'
2019-02-19 17:20:21.130  INFO 7794 --- [main] o.s.b.a.e.web.EndpointLinksResolver      : Exposing 2 endpoint(s) beneath base path '/actuator'
2019-02-19 17:20:21.219  INFO 7794 --- [main] o.s.b.w.embedded.tomcat.TomcatWebServer  : Tomcat started on port(s): 8010 (http) with context path ''
2019-02-19 17:20:21.221  INFO 7794 --- [main] com.example.spEL01.DemoApplication       : Started DemoApplication in 2.426 seconds (JVM running for 2.8)
2019-02-19 17:20:50.124  INFO 7794 --- [http-nio-8010-exec-1] o.a.c.c.C.[Tomcat].[localhost].[/]       : Initializing Spring DispatcherServlet 'dispatcherServlet'
2019-02-19 17:21:11.621  INFO 7794 --- [RMI TCP Connection(2)-127.0.0.1] inMXBeanRegistrar$SpringApplicationAdmin : Application shutdown requested.
2019-02-19 17:21:11.625  INFO 7794 --- [RMI TCP Connection(2)-127.0.0.1] o.s.s.concurrent.ThreadPoolTaskExecutor  : Shutting down ExecutorService 'applicationTaskExecutor'
2019-02-19 17:21:11.636  INFO 7794 --- [RMI TCP Connection(2)-127.0.0.1] o.apache.catalina.core.StandardService   : Stopping service [Tomcat]
2019-02-19 17:21:11.638  INFO 7794 --- [RMI TCP Connection(2)-127.0.0.1] o.a.c.c.C.[Tomcat].[localhost].[/]       : Destroying Spring FrameworkServlet 'dispatcherServlet'
2019-02-19 17:25:49.306  INFO 28589 --- [main] com.example.spEL01.DemoApplication       : The following profiles are active: default
2019-02-19 17:25:49.862  INFO 28589 --- [main] o.s.cloud.context.scope.GenericScope     : BeanFactory id=96c59bd4-d1f6-3913-b9f6-ef81cc7a9acc
2019-02-19 17:25:49.922  INFO 28589 --- [main] trationDelegate$BeanPostProcessorChecker : Bean 'org.springframework.cloud.autoconfigure.ConfigurationPropertiesRebinderAutoConfiguration' of type [org.springframework.cloud.autoconfigure.ConfigurationPropertiesRebinderAutoConfiguration$$EnhancerBySpringCGLIB$$2c6973c3] is not eligible for getting processed by all BeanPostProcessors (for example: not eligible for auto-proxying)
2019-02-19 17:25:50.100  INFO 28589 --- [main] o.s.b.w.embedded.tomcat.TomcatWebServer  : Tomcat initialized with port(s): 8010 (http)
2019-02-19 17:25:50.117  INFO 28589 --- [main] o.apache.catalina.core.StandardService   : Starting service [Tomcat]
2019-02-19 17:25:50.118  INFO 28589 --- [main] org.apache.catalina.core.StandardEngine  : Starting Servlet engine: [Apache Tomcat/9.0.16]
2019-02-19 17:25:50.123  INFO 28589 --- [main] o.a.catalina.core.AprLifecycleListener   : The APR based Apache Tomcat Native library which allows optimal performance in production environments was not found on the java.library.path: [/usr/java/packages/lib/amd64:/usr/lib64:/lib64:/lib:/usr/lib]
2019-02-19 17:25:50.185  INFO 28589 --- [main] o.a.c.c.C.[Tomcat].[localhost].[/]       : Initializing Spring embedded WebApplicationContext
2019-02-19 17:25:50.259  WARN 28589 --- [main] c.n.c.sources.URLConfigurationSource     : No URLs will be polled as dynamic configuration sources.
2019-02-19 17:25:50.496  WARN 28589 --- [main] c.n.c.sources.URLConfigurationSource     : No URLs will be polled as dynamic configuration sources.
2019-02-19 17:25:50.680  INFO 28589 --- [main] o.s.s.concurrent.ThreadPoolTaskExecutor  : Initializing ExecutorService 'applicationTaskExecutor'
2019-02-19 17:25:50.964  INFO 28589 --- [main] o.s.b.a.e.web.EndpointLinksResolver      : Exposing 2 endpoint(s) beneath base path '/actuator'
2019-02-19 17:25:51.052  INFO 28589 --- [main] o.s.b.w.embedded.tomcat.TomcatWebServer  : Tomcat started on port(s): 8010 (http) with context path ''
2019-02-19 17:25:51.055  INFO 28589 --- [main] com.example.spEL01.DemoApplication       : Started DemoApplication in 2.533 seconds (JVM running for 2.951)
